--------------------------------------
Running PBS prologue script
--------------------------------------
User and Job Data:
--------------------------------------
Job ID:    489726.qb3
Username:  zach
Group:     loniusers
Date:      08-May-2018 13:33
Node:      qb074 (47888)
--------------------------------------
PBS has allocated the following nodes:

qb074

A total of 20 processors on 1 nodes allocated
---------------------------------------------
Check nodes and clean them of stray processes
---------------------------------------------
Checking node qb074 13:33:30 
Done clearing all the allocated nodes
------------------------------------------------------
Concluding PBS prologue script - 08-May-2018 13:33:30
------------------------------------------------------
[M::mm_idx_gen::17.239*1.67] collected minimizers
[M::mm_idx_gen::18.817*2.54] sorted minimizers
[M::main::18.824*2.54] loaded/built the index for 6404 target sequence(s)
[M::mm_mapopt_update::18.824*2.54] mid_occ = 1000
[M::mm_idx_stat] kmer size: 21; skip: 11; is_hpc: 0; #seq: 6404
[M::mm_idx_stat::20.276*2.43] distinct minimizers: 118718335 (94.74% are singletons); average occurrences: 1.247; average spacing: 5.949
[M::worker_pipeline::30.675*4.63] mapped 100093 sequences
[M::worker_pipeline::34.595*6.25] mapped 100051 sequences
[M::worker_pipeline::38.276*7.54] mapped 88668 sequences
[M::worker_pipeline::41.945*8.52] mapped 81779 sequences
[M::worker_pipeline::46.093*9.41] mapped 81784 sequences
[M::worker_pipeline::49.062*10.03] mapped 81764 sequences
[M::worker_pipeline::52.766*10.64] mapped 81864 sequences
[M::worker_pipeline::56.701*11.23] mapped 81856 sequences
[M::worker_pipeline::59.867*11.68] mapped 81800 sequences
[M::worker_pipeline::63.425*12.15] mapped 81848 sequences
[M::worker_pipeline::66.972*12.51] mapped 81862 sequences
[M::worker_pipeline::70.388*12.87] mapped 81817 sequences
[M::worker_pipeline::74.244*13.17] mapped 81873 sequences
[M::worker_pipeline::78.323*13.48] mapped 81842 sequences
[M::worker_pipeline::81.272*13.70] mapped 81822 sequences
[M::worker_pipeline::84.738*13.96] mapped 81863 sequences
[M::worker_pipeline::88.708*14.15] mapped 81849 sequences
[M::worker_pipeline::92.502*14.35] mapped 81776 sequences
[M::worker_pipeline::96.160*14.56] mapped 81868 sequences
[M::worker_pipeline::99.976*14.70] mapped 81839 sequences
[M::worker_pipeline::103.161*14.85] mapped 81798 sequences
[M::worker_pipeline::106.817*15.01] mapped 81850 sequences
[M::worker_pipeline::110.591*15.11] mapped 81851 sequences
[M::worker_pipeline::114.253*15.23] mapped 81814 sequences
[M::worker_pipeline::118.450*15.32] mapped 81870 sequences
[M::worker_pipeline::121.773*15.43] mapped 81889 sequences
[M::worker_pipeline::125.419*15.54] mapped 81804 sequences
[M::worker_pipeline::128.961*15.64] mapped 81897 sequences
[M::worker_pipeline::132.974*15.73] mapped 81853 sequences
[M::worker_pipeline::136.213*15.82] mapped 81835 sequences
[M::worker_pipeline::140.117*15.91] mapped 81872 sequences
[M::worker_pipeline::143.516*15.99] mapped 81865 sequences
[M::worker_pipeline::147.089*16.06] mapped 81813 sequences
[M::worker_pipeline::150.696*16.14] mapped 81880 sequences
[M::worker_pipeline::154.603*16.21] mapped 81887 sequences
[M::worker_pipeline::158.016*16.28] mapped 81837 sequences
[M::worker_pipeline::161.867*16.33] mapped 81875 sequences
[M::worker_pipeline::165.528*16.39] mapped 81880 sequences
[M::worker_pipeline::169.503*16.42] mapped 81820 sequences
[M::worker_pipeline::172.983*16.48] mapped 81885 sequences
[M::worker_pipeline::176.776*16.54] mapped 81872 sequences
[M::worker_pipeline::180.309*16.59] mapped 81822 sequences
[M::worker_pipeline::183.810*16.65] mapped 81867 sequences
[M::worker_pipeline::187.409*16.70] mapped 81878 sequences
[M::worker_pipeline::191.089*16.75] mapped 81851 sequences
[M::worker_pipeline::194.774*16.80] mapped 81859 sequences
[M::worker_pipeline::198.290*16.85] mapped 81890 sequences
[M::worker_pipeline::202.011*16.88] mapped 81793 sequences
[M::worker_pipeline::206.177*16.93] mapped 81878 sequences
[M::worker_pipeline::209.481*16.97] mapped 81888 sequences
[M::worker_pipeline::212.857*17.01] mapped 81803 sequences
[M::worker_pipeline::216.987*17.06] mapped 81892 sequences
[M::worker_pipeline::220.218*17.09] mapped 81885 sequences
[M::worker_pipeline::223.856*17.14] mapped 81842 sequences
[M::worker_pipeline::227.575*17.17] mapped 81881 sequences
[M::worker_pipeline::231.034*17.21] mapped 81889 sequences
[M::worker_pipeline::234.271*17.25] mapped 81812 sequences
[M::worker_pipeline::238.384*17.25] mapped 81887 sequences
[M::worker_pipeline::242.063*17.29] mapped 81873 sequences
[M::worker_pipeline::245.439*17.33] mapped 81827 sequences
[M::worker_pipeline::249.361*17.34] mapped 81737 sequences
[M::worker_pipeline::253.862*17.35] mapped 81725 sequences
[M::worker_pipeline::256.824*17.38] mapped 81721 sequences
[M::worker_pipeline::260.668*17.40] mapped 81803 sequences
[M::worker_pipeline::264.627*17.43] mapped 81809 sequences
[M::worker_pipeline::268.105*17.45] mapped 81772 sequences
[M::worker_pipeline::271.859*17.47] mapped 81799 sequences
[M::worker_pipeline::275.494*17.50] mapped 81811 sequences
[M::worker_pipeline::278.788*17.53] mapped 81750 sequences
[M::worker_pipeline::282.962*17.54] mapped 81808 sequences
[M::worker_pipeline::286.195*17.56] mapped 81785 sequences
[M::worker_pipeline::289.871*17.58] mapped 81753 sequences
[M::worker_pipeline::294.116*17.61] mapped 81810 sequences
[M::worker_pipeline::297.328*17.63] mapped 81824 sequences
[M::worker_pipeline::300.631*17.65] mapped 81772 sequences
[M::worker_pipeline::304.644*17.68] mapped 81809 sequences
[M::worker_pipeline::308.123*17.71] mapped 81805 sequences
[M::worker_pipeline::311.275*17.73] mapped 81781 sequences
[M::worker_pipeline::315.286*17.74] mapped 81807 sequences
[M::worker_pipeline::319.093*17.74] mapped 81836 sequences
[M::worker_pipeline::322.480*17.77] mapped 81792 sequences
[M::worker_pipeline::326.046*17.79] mapped 81812 sequences
[M::worker_pipeline::329.782*17.80] mapped 81827 sequences
[M::worker_pipeline::333.379*17.81] mapped 81790 sequences
[M::worker_pipeline::337.335*17.83] mapped 81758 sequences
[M::worker_pipeline::340.662*17.85] mapped 81810 sequences
[M::worker_pipeline::344.471*17.87] mapped 81818 sequences
[M::worker_pipeline::348.165*17.89] mapped 81763 sequences
[M::worker_pipeline::351.564*17.91] mapped 81801 sequences
[M::worker_pipeline::355.219*17.92] mapped 81811 sequences
[M::worker_pipeline::359.071*17.94] mapped 81747 sequences
[M::worker_pipeline::363.044*17.96] mapped 81819 sequences
[M::worker_pipeline::366.682*17.98] mapped 81803 sequences
[M::worker_pipeline::370.296*17.99] mapped 81765 sequences
[M::worker_pipeline::373.418*18.00] mapped 81825 sequences
[M::worker_pipeline::377.151*18.02] mapped 81821 sequences
[M::worker_pipeline::380.582*18.04] mapped 81777 sequences
[M::worker_pipeline::384.429*18.05] mapped 81819 sequences
[M::worker_pipeline::388.114*18.06] mapped 81810 sequences
[M::worker_pipeline::391.485*18.07] mapped 81770 sequences
[M::worker_pipeline::395.258*18.09] mapped 81824 sequences
[M::worker_pipeline::399.065*18.10] mapped 81820 sequences
[M::worker_pipeline::402.288*18.12] mapped 81776 sequences
[M::worker_pipeline::406.738*18.12] mapped 81841 sequences
[M::worker_pipeline::410.436*18.13] mapped 81826 sequences
[M::worker_pipeline::413.654*18.15] mapped 81768 sequences
[M::worker_pipeline::418.380*18.14] mapped 81806 sequences
[M::worker_pipeline::421.561*18.15] mapped 81805 sequences
[M::worker_pipeline::425.482*18.15] mapped 81802 sequences
[M::worker_pipeline::429.234*18.15] mapped 81795 sequences
[M::worker_pipeline::433.745*18.14] mapped 81830 sequences
[M::worker_pipeline::437.651*18.14] mapped 81802 sequences
[M::worker_pipeline::441.456*18.14] mapped 81761 sequences
[M::worker_pipeline::445.614*18.14] mapped 81812 sequences
[M::worker_pipeline::449.508*18.15] mapped 81817 sequences
[M::worker_pipeline::452.802*18.17] mapped 81766 sequences
[M::worker_pipeline::456.553*18.17] mapped 81841 sequences
[M::worker_pipeline::460.524*18.18] mapped 81831 sequences
[M::worker_pipeline::463.777*18.19] mapped 115809 sequences
[M::worker_pipeline::467.575*18.20] mapped 247525 sequences
[M::worker_pipeline::470.840*18.21] mapped 247525 sequences
[M::worker_pipeline::473.717*18.22] mapped 247525 sequences
[M::worker_pipeline::477.497*18.22] mapped 247525 sequences
[M::worker_pipeline::480.464*18.23] mapped 247525 sequences
[M::worker_pipeline::484.234*18.24] mapped 247525 sequences
[M::worker_pipeline::487.108*18.25] mapped 247525 sequences
[M::worker_pipeline::490.207*18.26] mapped 247525 sequences
[M::worker_pipeline::493.620*18.26] mapped 247525 sequences
[M::worker_pipeline::496.815*18.27] mapped 247525 sequences
[M::worker_pipeline::500.193*18.27] mapped 247525 sequences
[M::worker_pipeline::503.524*18.27] mapped 247525 sequences
[M::worker_pipeline::507.100*18.28] mapped 247525 sequences
[M::worker_pipeline::510.349*18.29] mapped 247525 sequences
[M::worker_pipeline::513.640*18.29] mapped 247525 sequences
[M::worker_pipeline::517.181*18.30] mapped 247525 sequences
[M::worker_pipeline::520.132*18.31] mapped 247525 sequences
[M::worker_pipeline::523.443*18.32] mapped 247525 sequences
[M::worker_pipeline::526.621*18.32] mapped 247525 sequences
[M::worker_pipeline::529.979*18.33] mapped 247525 sequences
[M::worker_pipeline::533.131*18.33] mapped 247525 sequences
[M::worker_pipeline::536.187*18.34] mapped 247525 sequences
[M::worker_pipeline::539.357*18.35] mapped 247525 sequences
[M::worker_pipeline::542.594*18.36] mapped 247525 sequences
[M::worker_pipeline::546.153*18.36] mapped 247525 sequences
[M::worker_pipeline::550.082*18.37] mapped 247525 sequences
[M::worker_pipeline::552.527*18.37] mapped 247525 sequences
[M::worker_pipeline::555.893*18.38] mapped 247525 sequences
[M::worker_pipeline::559.065*18.38] mapped 247525 sequences
[M::worker_pipeline::562.313*18.39] mapped 247525 sequences
[M::worker_pipeline::565.861*18.39] mapped 247525 sequences
[M::worker_pipeline::569.650*18.40] mapped 247525 sequences
[M::worker_pipeline::572.667*18.41] mapped 247525 sequences
[M::worker_pipeline::575.487*18.41] mapped 247525 sequences
[M::worker_pipeline::578.170*18.42] mapped 247525 sequences
[M::worker_pipeline::581.730*18.42] mapped 247525 sequences
[M::worker_pipeline::584.527*18.43] mapped 247525 sequences
[M::worker_pipeline::587.857*18.43] mapped 247525 sequences
[M::worker_pipeline::591.352*18.43] mapped 247525 sequences
[M::worker_pipeline::594.767*18.44] mapped 247525 sequences
[M::worker_pipeline::597.940*18.45] mapped 247525 sequences
[M::worker_pipeline::600.850*18.45] mapped 247525 sequences
[M::worker_pipeline::604.351*18.45] mapped 247525 sequences
[M::worker_pipeline::607.342*18.46] mapped 247525 sequences
[M::worker_pipeline::610.901*18.46] mapped 247525 sequences
[M::worker_pipeline::614.258*18.47] mapped 247525 sequences
[M::worker_pipeline::617.172*18.47] mapped 247525 sequences
[M::worker_pipeline::620.504*18.47] mapped 247525 sequences
[M::worker_pipeline::624.437*18.48] mapped 247525 sequences
[M::worker_pipeline::627.111*18.48] mapped 247525 sequences
[M::worker_pipeline::630.303*18.49] mapped 247525 sequences
[M::worker_pipeline::633.928*18.49] mapped 247525 sequences
[M::worker_pipeline::636.933*18.50] mapped 247525 sequences
[M::worker_pipeline::640.760*18.50] mapped 247525 sequences
[M::worker_pipeline::644.049*18.50] mapped 247525 sequences
[M::worker_pipeline::646.944*18.51] mapped 247525 sequences
[M::worker_pipeline::650.375*18.51] mapped 247525 sequences
[M::worker_pipeline::653.724*18.52] mapped 247525 sequences
[M::worker_pipeline::656.642*18.52] mapped 247525 sequences
[M::worker_pipeline::659.699*18.53] mapped 247525 sequences
[M::worker_pipeline::662.872*18.53] mapped 247525 sequences
[M::worker_pipeline::666.233*18.53] mapped 247525 sequences
[M::worker_pipeline::669.401*18.53] mapped 247525 sequences
[M::worker_pipeline::672.518*18.54] mapped 247525 sequences
[M::worker_pipeline::675.574*18.54] mapped 247525 sequences
[M::worker_pipeline::679.090*18.55] mapped 247525 sequences
[M::worker_pipeline::681.838*18.55] mapped 247525 sequences
[M::worker_pipeline::684.812*18.56] mapped 247525 sequences
[M::worker_pipeline::687.924*18.57] mapped 247525 sequences
[M::worker_pipeline::691.598*18.57] mapped 247525 sequences
[M::worker_pipeline::694.338*18.57] mapped 247525 sequences
[M::worker_pipeline::697.631*18.58] mapped 247525 sequences
[M::worker_pipeline::700.885*18.59] mapped 247525 sequences
[M::worker_pipeline::704.299*18.59] mapped 247525 sequences
[M::worker_pipeline::706.905*18.60] mapped 247525 sequences
[M::worker_pipeline::710.191*18.60] mapped 247525 sequences
[M::worker_pipeline::714.088*18.60] mapped 247525 sequences
[M::worker_pipeline::716.882*18.61] mapped 247525 sequences
[M::worker_pipeline::720.514*18.61] mapped 247525 sequences
[M::worker_pipeline::723.908*18.62] mapped 247525 sequences
[M::worker_pipeline::727.109*18.62] mapped 247525 sequences
[M::worker_pipeline::729.796*18.62] mapped 247525 sequences
[M::worker_pipeline::733.628*18.63] mapped 247525 sequences
[M::worker_pipeline::737.292*18.63] mapped 247525 sequences
[M::worker_pipeline::740.252*18.63] mapped 247525 sequences
[M::worker_pipeline::742.968*18.64] mapped 247525 sequences
[M::worker_pipeline::746.343*18.64] mapped 247525 sequences
[M::worker_pipeline::749.109*18.65] mapped 247525 sequences
[M::worker_pipeline::752.530*18.65] mapped 247525 sequences
[M::worker_pipeline::755.029*18.65] mapped 247525 sequences
[M::worker_pipeline::758.085*18.66] mapped 247525 sequences
[M::worker_pipeline::761.274*18.66] mapped 247525 sequences
[M::worker_pipeline::764.315*18.66] mapped 247525 sequences
[M::worker_pipeline::768.044*18.67] mapped 247525 sequences
[M::worker_pipeline::770.883*18.67] mapped 247525 sequences
[M::worker_pipeline::773.723*18.67] mapped 247525 sequences
[M::worker_pipeline::776.935*18.68] mapped 247525 sequences
[M::worker_pipeline::780.248*18.68] mapped 247525 sequences
[M::worker_pipeline::783.032*18.68] mapped 247525 sequences
[M::worker_pipeline::786.660*18.68] mapped 247525 sequences
[M::worker_pipeline::789.358*18.69] mapped 247525 sequences
[M::worker_pipeline::792.884*18.69] mapped 247525 sequences
[M::worker_pipeline::795.574*18.70] mapped 247525 sequences
[M::worker_pipeline::798.979*18.70] mapped 247525 sequences
[M::worker_pipeline::801.295*18.70] mapped 247525 sequences
[M::worker_pipeline::804.667*18.70] mapped 247525 sequences
[M::worker_pipeline::807.707*18.71] mapped 247525 sequences
[M::worker_pipeline::811.036*18.71] mapped 247525 sequences
[M::worker_pipeline::813.838*18.72] mapped 247525 sequences
[M::worker_pipeline::817.483*18.72] mapped 247525 sequences
[M::worker_pipeline::820.976*18.72] mapped 247525 sequences
[M::worker_pipeline::823.803*18.73] mapped 247525 sequences
[M::worker_pipeline::826.649*18.73] mapped 247525 sequences
[M::worker_pipeline::829.839*18.73] mapped 247525 sequences
[M::worker_pipeline::832.935*18.74] mapped 247525 sequences
[M::worker_pipeline::835.866*18.74] mapped 247525 sequences
[M::worker_pipeline::838.374*18.74] mapped 247525 sequences
[M::worker_pipeline::840.665*18.75] mapped 247525 sequences
[M::worker_pipeline::843.471*18.75] mapped 247525 sequences
[M::worker_pipeline::846.752*18.75] mapped 247525 sequences
[M::worker_pipeline::849.997*18.75] mapped 247525 sequences
[M::worker_pipeline::852.919*18.76] mapped 247525 sequences
[M::worker_pipeline::855.990*18.76] mapped 247525 sequences
[M::worker_pipeline::859.149*18.77] mapped 247525 sequences
[M::worker_pipeline::862.565*18.77] mapped 247525 sequences
[M::worker_pipeline::865.084*18.77] mapped 247525 sequences
[M::worker_pipeline::868.316*18.78] mapped 247525 sequences
[M::worker_pipeline::871.192*18.78] mapped 247525 sequences
[M::worker_pipeline::874.852*18.78] mapped 247525 sequences
[M::worker_pipeline::877.873*18.78] mapped 247525 sequences
[M::worker_pipeline::880.962*18.79] mapped 247525 sequences
[M::worker_pipeline::884.342*18.79] mapped 247525 sequences
[M::worker_pipeline::887.457*18.79] mapped 247525 sequences
[M::worker_pipeline::890.588*18.79] mapped 247525 sequences
[M::worker_pipeline::893.227*18.80] mapped 247525 sequences
[M::worker_pipeline::896.549*18.80] mapped 247525 sequences
[M::worker_pipeline::899.647*18.80] mapped 247525 sequences
[M::worker_pipeline::903.022*18.80] mapped 247525 sequences
[M::worker_pipeline::906.323*18.81] mapped 247525 sequences
[M::worker_pipeline::909.917*18.81] mapped 247525 sequences
[M::worker_pipeline::912.469*18.81] mapped 247525 sequences
[M::worker_pipeline::915.888*18.82] mapped 247525 sequences
[M::worker_pipeline::918.769*18.82] mapped 247525 sequences
[M::worker_pipeline::921.845*18.82] mapped 247525 sequences
[M::worker_pipeline::925.307*18.82] mapped 247525 sequences
[M::worker_pipeline::927.823*18.83] mapped 247525 sequences
[M::worker_pipeline::930.584*18.83] mapped 247525 sequences
[M::worker_pipeline::933.553*18.83] mapped 247525 sequences
[M::worker_pipeline::936.350*18.83] mapped 247525 sequences
[M::worker_pipeline::939.887*18.83] mapped 247525 sequences
[M::worker_pipeline::943.315*18.84] mapped 247525 sequences
[M::worker_pipeline::946.746*18.84] mapped 247525 sequences
[M::worker_pipeline::950.148*18.84] mapped 247525 sequences
[M::worker_pipeline::953.777*18.84] mapped 247525 sequences
[M::worker_pipeline::957.510*18.85] mapped 247525 sequences
[M::worker_pipeline::961.243*18.85] mapped 247525 sequences
[M::worker_pipeline::964.688*18.85] mapped 247525 sequences
[M::worker_pipeline::967.852*18.86] mapped 247525 sequences
[M::worker_pipeline::971.208*18.86] mapped 247525 sequences
[M::worker_pipeline::975.212*18.86] mapped 247525 sequences
[M::worker_pipeline::978.719*18.86] mapped 247525 sequences
[M::worker_pipeline::982.399*18.86] mapped 247525 sequences
[M::worker_pipeline::985.691*18.86] mapped 247525 sequences
[M::worker_pipeline::989.091*18.86] mapped 247525 sequences
[M::worker_pipeline::993.208*18.86] mapped 247525 sequences
[M::worker_pipeline::995.787*18.87] mapped 247525 sequences
[M::worker_pipeline::999.126*18.87] mapped 247525 sequences
[M::worker_pipeline::1002.366*18.87] mapped 247525 sequences
[M::worker_pipeline::1006.001*18.87] mapped 247525 sequences
[M::worker_pipeline::1008.996*18.87] mapped 247525 sequences
[M::worker_pipeline::1012.500*18.87] mapped 247525 sequences
[M::worker_pipeline::1016.093*18.87] mapped 247525 sequences
[M::worker_pipeline::1019.452*18.87] mapped 247525 sequences
[M::worker_pipeline::1022.916*18.88] mapped 247525 sequences
[M::worker_pipeline::1026.527*18.88] mapped 247525 sequences
[M::worker_pipeline::1029.793*18.88] mapped 247525 sequences
[M::worker_pipeline::1033.386*18.88] mapped 247525 sequences
[M::worker_pipeline::1037.307*18.88] mapped 247525 sequences
[M::worker_pipeline::1040.391*18.88] mapped 247525 sequences
[M::worker_pipeline::1044.103*18.88] mapped 247525 sequences
[M::worker_pipeline::1047.702*18.88] mapped 247525 sequences
[M::worker_pipeline::1051.048*18.89] mapped 247525 sequences
[M::worker_pipeline::1054.575*18.89] mapped 247525 sequences
[M::worker_pipeline::1057.826*18.89] mapped 247525 sequences
[M::worker_pipeline::1061.569*18.89] mapped 247525 sequences
[M::worker_pipeline::1064.954*18.89] mapped 247525 sequences
[M::worker_pipeline::1068.929*18.90] mapped 247525 sequences
[M::worker_pipeline::1071.716*18.90] mapped 247525 sequences
[M::worker_pipeline::1075.070*18.90] mapped 247525 sequences
[M::worker_pipeline::1078.429*18.90] mapped 247525 sequences
[M::worker_pipeline::1081.868*18.90] mapped 247525 sequences
[M::worker_pipeline::1085.425*18.90] mapped 247525 sequences
[M::worker_pipeline::1089.348*18.90] mapped 247525 sequences
[M::worker_pipeline::1092.351*18.90] mapped 247525 sequences
[M::worker_pipeline::1096.138*18.90] mapped 247525 sequences
[M::worker_pipeline::1099.213*18.90] mapped 247525 sequences
[M::worker_pipeline::1102.969*18.90] mapped 247525 sequences
[M::worker_pipeline::1106.624*18.90] mapped 247525 sequences
[M::worker_pipeline::1109.825*18.91] mapped 247525 sequences
[M::worker_pipeline::1113.438*18.90] mapped 247525 sequences
[M::worker_pipeline::1117.258*18.91] mapped 247525 sequences
[M::worker_pipeline::1120.659*18.91] mapped 247525 sequences
[M::worker_pipeline::1123.820*18.91] mapped 247525 sequences
[M::worker_pipeline::1127.367*18.91] mapped 247525 sequences
[M::worker_pipeline::1130.880*18.91] mapped 247525 sequences
[M::worker_pipeline::1134.594*18.91] mapped 247525 sequences
[M::worker_pipeline::1137.909*18.91] mapped 247525 sequences
[M::worker_pipeline::1141.424*18.91] mapped 247525 sequences
[M::worker_pipeline::1144.563*18.91] mapped 247525 sequences
[M::worker_pipeline::1148.040*18.92] mapped 247525 sequences
[M::worker_pipeline::1151.689*18.92] mapped 247525 sequences
[M::worker_pipeline::1154.848*18.92] mapped 247525 sequences
[M::worker_pipeline::1158.127*18.92] mapped 247525 sequences
[M::worker_pipeline::1161.540*18.92] mapped 247525 sequences
[M::worker_pipeline::1165.115*18.92] mapped 247525 sequences
[M::worker_pipeline::1168.715*18.92] mapped 247525 sequences
[M::worker_pipeline::1171.862*18.92] mapped 247525 sequences
[M::worker_pipeline::1175.060*18.93] mapped 247525 sequences
[M::worker_pipeline::1178.122*18.93] mapped 247525 sequences
[M::worker_pipeline::1181.155*18.93] mapped 247525 sequences
[M::worker_pipeline::1184.142*18.93] mapped 247525 sequences
[M::worker_pipeline::1187.512*18.93] mapped 247525 sequences
[M::worker_pipeline::1190.144*18.94] mapped 247525 sequences
[M::worker_pipeline::1193.128*18.94] mapped 247525 sequences
[M::worker_pipeline::1196.142*18.94] mapped 247525 sequences
[M::worker_pipeline::1199.714*18.94] mapped 247525 sequences
[M::worker_pipeline::1202.631*18.94] mapped 247525 sequences
[M::worker_pipeline::1206.373*18.94] mapped 247525 sequences
[M::worker_pipeline::1209.485*18.94] mapped 247525 sequences
[M::worker_pipeline::1212.682*18.94] mapped 247525 sequences
[M::worker_pipeline::1216.128*18.94] mapped 247525 sequences
[M::worker_pipeline::1218.660*18.95] mapped 247525 sequences
[M::worker_pipeline::1221.892*18.95] mapped 247525 sequences
[M::worker_pipeline::1225.678*18.95] mapped 247525 sequences
[M::worker_pipeline::1228.919*18.95] mapped 247525 sequences
[M::worker_pipeline::1232.350*18.95] mapped 247525 sequences
[M::worker_pipeline::1235.003*18.95] mapped 247525 sequences
[M::worker_pipeline::1238.353*18.95] mapped 247525 sequences
[M::worker_pipeline::1242.035*18.95] mapped 247525 sequences
[M::worker_pipeline::1244.797*18.96] mapped 247525 sequences
[M::worker_pipeline::1247.720*18.96] mapped 247525 sequences
[M::worker_pipeline::1250.976*18.96] mapped 247525 sequences
[M::worker_pipeline::1254.176*18.96] mapped 247525 sequences
[M::worker_pipeline::1257.585*18.96] mapped 247525 sequences
[M::worker_pipeline::1261.044*18.96] mapped 247525 sequences
[M::worker_pipeline::1264.481*18.96] mapped 247525 sequences
[M::worker_pipeline::1267.196*18.97] mapped 247525 sequences
[M::worker_pipeline::1270.849*18.97] mapped 247525 sequences
[M::worker_pipeline::1274.241*18.97] mapped 247525 sequences
[M::worker_pipeline::1277.025*18.97] mapped 247525 sequences
[M::worker_pipeline::1280.607*18.97] mapped 247525 sequences
[M::worker_pipeline::1283.577*18.98] mapped 247525 sequences
[M::worker_pipeline::1287.323*18.98] mapped 247525 sequences
[M::worker_pipeline::1290.381*18.98] mapped 247525 sequences
[M::worker_pipeline::1293.446*18.98] mapped 247525 sequences
[M::worker_pipeline::1296.690*18.98] mapped 247525 sequences
[M::worker_pipeline::1299.920*18.98] mapped 247525 sequences
[M::worker_pipeline::1302.925*18.98] mapped 247525 sequences
[M::worker_pipeline::1306.161*18.98] mapped 247525 sequences
[M::worker_pipeline::1309.300*18.98] mapped 247525 sequences
[M::worker_pipeline::1312.574*18.99] mapped 247525 sequences
[M::worker_pipeline::1315.844*18.99] mapped 247525 sequences
[M::worker_pipeline::1318.834*18.99] mapped 247525 sequences
[M::worker_pipeline::1321.776*18.99] mapped 247525 sequences
[M::worker_pipeline::1325.008*18.99] mapped 247525 sequences
[M::worker_pipeline::1328.788*18.99] mapped 247525 sequences
[M::worker_pipeline::1331.802*18.99] mapped 247525 sequences
[M::worker_pipeline::1334.655*18.99] mapped 247525 sequences
[M::worker_pipeline::1337.980*18.99] mapped 247525 sequences
[M::worker_pipeline::1341.395*18.99] mapped 247525 sequences
[M::worker_pipeline::1344.523*18.99] mapped 247525 sequences
[M::worker_pipeline::1347.971*18.99] mapped 247525 sequences
[M::worker_pipeline::1350.954*18.99] mapped 247525 sequences
[M::worker_pipeline::1354.552*19.00] mapped 247525 sequences
[M::worker_pipeline::1357.499*19.00] mapped 247525 sequences
[M::worker_pipeline::1361.015*19.00] mapped 247525 sequences
[M::worker_pipeline::1363.826*19.00] mapped 247525 sequences
[M::worker_pipeline::1367.532*19.00] mapped 247525 sequences
[M::worker_pipeline::1370.433*19.00] mapped 247525 sequences
[M::worker_pipeline::1373.867*19.00] mapped 247525 sequences
[M::worker_pipeline::1377.120*19.00] mapped 247525 sequences
[M::worker_pipeline::1380.617*19.00] mapped 247525 sequences
[M::worker_pipeline::1383.333*19.00] mapped 247525 sequences
[M::worker_pipeline::1386.592*19.01] mapped 247525 sequences
[M::worker_pipeline::1389.910*19.01] mapped 247525 sequences
[M::worker_pipeline::1393.197*19.01] mapped 247525 sequences
[M::worker_pipeline::1396.763*19.01] mapped 247525 sequences
[M::worker_pipeline::1400.020*19.01] mapped 247525 sequences
[M::worker_pipeline::1403.520*19.01] mapped 247525 sequences
[M::worker_pipeline::1406.710*19.01] mapped 247525 sequences
[M::worker_pipeline::1409.500*19.01] mapped 247525 sequences
[M::worker_pipeline::1413.395*19.02] mapped 247525 sequences
[M::worker_pipeline::1416.188*19.02] mapped 247525 sequences
[M::worker_pipeline::1419.449*19.02] mapped 247525 sequences
[M::worker_pipeline::1423.273*19.02] mapped 247525 sequences
[M::worker_pipeline::1426.183*19.02] mapped 247525 sequences
[M::worker_pipeline::1430.081*19.02] mapped 247525 sequences
[M::worker_pipeline::1433.009*19.02] mapped 247525 sequences
[M::worker_pipeline::1435.987*19.02] mapped 247525 sequences
[M::worker_pipeline::1439.327*19.02] mapped 247525 sequences
[M::worker_pipeline::1442.191*19.02] mapped 247525 sequences
[M::worker_pipeline::1446.013*19.02] mapped 247525 sequences
[M::worker_pipeline::1448.547*19.02] mapped 247525 sequences
[M::worker_pipeline::1451.797*19.02] mapped 247525 sequences
[M::worker_pipeline::1454.893*19.02] mapped 247525 sequences
[M::worker_pipeline::1458.064*19.03] mapped 247525 sequences
[M::worker_pipeline::1461.189*19.03] mapped 247525 sequences
[M::worker_pipeline::1464.496*19.03] mapped 247525 sequences
[M::worker_pipeline::1467.893*19.03] mapped 247525 sequences
[M::worker_pipeline::1470.846*19.03] mapped 247525 sequences
[M::worker_pipeline::1474.336*19.03] mapped 247525 sequences
[M::worker_pipeline::1477.772*19.03] mapped 247525 sequences
[M::worker_pipeline::1480.423*19.03] mapped 247525 sequences
[M::worker_pipeline::1483.543*19.04] mapped 247525 sequences
[M::worker_pipeline::1487.244*19.04] mapped 247525 sequences
[M::worker_pipeline::1490.037*19.04] mapped 247525 sequences
[M::worker_pipeline::1493.208*19.04] mapped 247525 sequences
[M::worker_pipeline::1496.588*19.04] mapped 247525 sequences
[M::worker_pipeline::1499.606*19.04] mapped 247525 sequences
[M::worker_pipeline::1502.963*19.04] mapped 247525 sequences
[M::worker_pipeline::1506.729*19.04] mapped 247525 sequences
[M::worker_pipeline::1509.733*19.04] mapped 247525 sequences
[M::worker_pipeline::1512.921*19.04] mapped 247525 sequences
[M::worker_pipeline::1516.508*19.04] mapped 247525 sequences
[M::worker_pipeline::1519.422*19.05] mapped 247525 sequences
[M::worker_pipeline::1523.040*19.05] mapped 247525 sequences
[M::worker_pipeline::1525.912*19.05] mapped 247525 sequences
[M::worker_pipeline::1529.369*19.05] mapped 247525 sequences
[M::worker_pipeline::1532.510*19.05] mapped 247525 sequences
[M::worker_pipeline::1536.280*19.05] mapped 247525 sequences
[M::worker_pipeline::1539.905*19.05] mapped 247525 sequences
[M::worker_pipeline::1542.719*19.05] mapped 247525 sequences
[M::worker_pipeline::1545.765*19.05] mapped 247525 sequences
[M::worker_pipeline::1549.297*19.05] mapped 247525 sequences
[M::worker_pipeline::1552.832*19.06] mapped 247525 sequences
[M::worker_pipeline::1555.826*19.06] mapped 247525 sequences
[M::worker_pipeline::1559.355*19.06] mapped 247525 sequences
[M::worker_pipeline::1562.814*19.06] mapped 247525 sequences
[M::worker_pipeline::1565.707*19.06] mapped 247525 sequences
[M::worker_pipeline::1568.525*19.06] mapped 247525 sequences
[M::worker_pipeline::1572.250*19.06] mapped 247525 sequences
[M::worker_pipeline::1575.117*19.06] mapped 247525 sequences
[M::worker_pipeline::1578.450*19.06] mapped 247525 sequences
[M::worker_pipeline::1581.639*19.06] mapped 247525 sequences
[M::worker_pipeline::1584.887*19.06] mapped 247525 sequences
[M::worker_pipeline::1588.352*19.06] mapped 247525 sequences
[M::worker_pipeline::1591.942*19.06] mapped 247525 sequences
[M::worker_pipeline::1594.774*19.06] mapped 247525 sequences
[M::worker_pipeline::1598.197*19.06] mapped 247525 sequences
[M::worker_pipeline::1601.279*19.06] mapped 247525 sequences
[M::worker_pipeline::1604.631*19.07] mapped 247525 sequences
[M::worker_pipeline::1607.710*19.07] mapped 247525 sequences
[M::worker_pipeline::1611.215*19.07] mapped 247525 sequences
[M::worker_pipeline::1614.402*19.07] mapped 247525 sequences
[M::worker_pipeline::1617.958*19.07] mapped 247525 sequences
[M::worker_pipeline::1621.141*19.07] mapped 247525 sequences
[M::worker_pipeline::1624.353*19.07] mapped 247525 sequences
[M::worker_pipeline::1627.936*19.07] mapped 247525 sequences
[M::worker_pipeline::1631.346*19.07] mapped 247525 sequences
[M::worker_pipeline::1634.704*19.07] mapped 247525 sequences
[M::worker_pipeline::1637.564*19.07] mapped 247525 sequences
[M::worker_pipeline::1641.173*19.07] mapped 247525 sequences
[M::worker_pipeline::1644.300*19.08] mapped 247525 sequences
[M::worker_pipeline::1647.601*19.08] mapped 247525 sequences
[M::worker_pipeline::1651.263*19.08] mapped 247525 sequences
[M::worker_pipeline::1654.315*19.07] mapped 247525 sequences
[M::worker_pipeline::1657.833*19.07] mapped 247525 sequences
[M::worker_pipeline::1661.362*19.08] mapped 247525 sequences
[M::worker_pipeline::1664.923*19.08] mapped 247525 sequences
[M::worker_pipeline::1668.192*19.08] mapped 247525 sequences
[M::worker_pipeline::1670.714*19.08] mapped 247525 sequences
[M::worker_pipeline::1673.988*19.08] mapped 247525 sequences
[M::worker_pipeline::1677.069*19.08] mapped 247525 sequences
[M::worker_pipeline::1680.184*19.08] mapped 247525 sequences
[M::worker_pipeline::1683.422*19.08] mapped 247525 sequences
[M::worker_pipeline::1687.260*19.08] mapped 247525 sequences
[M::worker_pipeline::1690.839*19.08] mapped 247525 sequences
[M::worker_pipeline::1693.423*19.08] mapped 247525 sequences
[M::worker_pipeline::1697.128*19.09] mapped 247525 sequences
[M::worker_pipeline::1700.145*19.09] mapped 247525 sequences
[M::worker_pipeline::1703.011*19.09] mapped 247525 sequences
[M::worker_pipeline::1706.650*19.09] mapped 247525 sequences
[M::worker_pipeline::1709.569*19.09] mapped 247525 sequences
[M::worker_pipeline::1713.214*19.09] mapped 247525 sequences
[M::worker_pipeline::1716.799*19.09] mapped 247525 sequences
[M::worker_pipeline::1719.746*19.09] mapped 247525 sequences
[M::worker_pipeline::1722.957*19.09] mapped 247525 sequences
[M::worker_pipeline::1726.352*19.09] mapped 247525 sequences
[M::worker_pipeline::1729.801*19.09] mapped 247525 sequences
[M::worker_pipeline::1733.618*19.09] mapped 247525 sequences
[M::worker_pipeline::1736.527*19.09] mapped 247525 sequences
[M::worker_pipeline::1739.829*19.09] mapped 247525 sequences
[M::worker_pipeline::1743.612*19.09] mapped 247525 sequences
[M::worker_pipeline::1746.321*19.09] mapped 247525 sequences
[M::worker_pipeline::1749.926*19.09] mapped 247525 sequences
[M::worker_pipeline::1753.208*19.09] mapped 247525 sequences
[M::worker_pipeline::1757.119*19.09] mapped 247525 sequences
[M::worker_pipeline::1759.919*19.09] mapped 247525 sequences
[M::worker_pipeline::1762.909*19.09] mapped 247525 sequences
[M::worker_pipeline::1766.098*19.10] mapped 247525 sequences
[M::worker_pipeline::1769.427*19.10] mapped 247525 sequences
[M::worker_pipeline::1772.564*19.10] mapped 247525 sequences
[M::worker_pipeline::1775.562*19.10] mapped 247525 sequences
[M::worker_pipeline::1779.287*19.10] mapped 247525 sequences
[M::worker_pipeline::1782.087*19.10] mapped 247525 sequences
[M::worker_pipeline::1785.518*19.10] mapped 247525 sequences
[M::worker_pipeline::1788.899*19.10] mapped 247525 sequences
[M::worker_pipeline::1792.510*19.10] mapped 247525 sequences
[M::worker_pipeline::1795.513*19.10] mapped 247525 sequences
[M::worker_pipeline::1798.564*19.10] mapped 247525 sequences
[M::worker_pipeline::1801.928*19.10] mapped 247525 sequences
[M::worker_pipeline::1805.235*19.10] mapped 247525 sequences
[M::worker_pipeline::1808.783*19.10] mapped 247525 sequences
[M::worker_pipeline::1812.419*19.10] mapped 247525 sequences
[M::worker_pipeline::1815.255*19.10] mapped 247525 sequences
[M::worker_pipeline::1818.546*19.10] mapped 247525 sequences
[M::worker_pipeline::1821.973*19.10] mapped 247525 sequences
[M::worker_pipeline::1824.984*19.10] mapped 247525 sequences
[M::worker_pipeline::1828.418*19.10] mapped 247525 sequences
[M::worker_pipeline::1831.784*19.10] mapped 247525 sequences
[M::worker_pipeline::1835.747*19.10] mapped 247525 sequences
[M::worker_pipeline::1839.109*19.10] mapped 247525 sequences
[M::worker_pipeline::1842.032*19.10] mapped 247525 sequences
[M::worker_pipeline::1845.633*19.10] mapped 247525 sequences
[M::worker_pipeline::1848.750*19.10] mapped 247525 sequences
[M::worker_pipeline::1852.190*19.10] mapped 247525 sequences
[M::worker_pipeline::1855.591*19.10] mapped 247525 sequences
[M::worker_pipeline::1858.914*19.10] mapped 247525 sequences
[M::worker_pipeline::1862.611*19.10] mapped 247525 sequences
[M::worker_pipeline::1865.697*19.10] mapped 247525 sequences
[M::worker_pipeline::1868.795*19.10] mapped 247525 sequences
[M::worker_pipeline::1872.010*19.10] mapped 247525 sequences
[M::worker_pipeline::1875.247*19.10] mapped 247525 sequences
[M::worker_pipeline::1878.249*19.11] mapped 247525 sequences
[M::worker_pipeline::1881.030*19.11] mapped 247525 sequences
[M::worker_pipeline::1884.345*19.11] mapped 247525 sequences
[M::worker_pipeline::1887.193*19.11] mapped 247525 sequences
[M::worker_pipeline::1890.489*19.11] mapped 247525 sequences
[M::worker_pipeline::1894.085*19.11] mapped 247525 sequences
[M::worker_pipeline::1896.550*19.11] mapped 247525 sequences
[M::worker_pipeline::1900.189*19.11] mapped 247525 sequences
[M::worker_pipeline::1902.935*19.11] mapped 247525 sequences
[M::worker_pipeline::1906.450*19.11] mapped 247525 sequences
[M::worker_pipeline::1909.370*19.11] mapped 247525 sequences
[M::worker_pipeline::1912.618*19.11] mapped 247525 sequences
[M::worker_pipeline::1915.972*19.12] mapped 247525 sequences
[M::worker_pipeline::1919.341*19.12] mapped 247525 sequences
[M::worker_pipeline::1922.707*19.12] mapped 247525 sequences
[M::worker_pipeline::1925.680*19.12] mapped 247525 sequences
[M::worker_pipeline::1928.611*19.12] mapped 247525 sequences
[M::worker_pipeline::1932.814*19.12] mapped 247525 sequences
[M::worker_pipeline::1935.113*19.12] mapped 247525 sequences
[M::worker_pipeline::1938.499*19.12] mapped 247525 sequences
[M::worker_pipeline::1942.201*19.12] mapped 247525 sequences
[M::worker_pipeline::1945.827*19.12] mapped 247525 sequences
[M::worker_pipeline::1948.344*19.12] mapped 247525 sequences
[M::worker_pipeline::1951.683*19.12] mapped 247525 sequences
[M::worker_pipeline::1956.008*19.12] mapped 247525 sequences
[M::worker_pipeline::1958.638*19.12] mapped 247525 sequences
[M::worker_pipeline::1961.836*19.12] mapped 247525 sequences
[M::worker_pipeline::1965.375*19.12] mapped 247525 sequences
[M::worker_pipeline::1968.021*19.13] mapped 247525 sequences
[M::worker_pipeline::1971.303*19.13] mapped 247525 sequences
[M::worker_pipeline::1974.677*19.13] mapped 247525 sequences
[M::worker_pipeline::1978.384*19.13] mapped 247525 sequences
[M::worker_pipeline::1981.486*19.13] mapped 247525 sequences
[M::worker_pipeline::1984.868*19.13] mapped 247525 sequences
[M::worker_pipeline::1988.765*19.13] mapped 247525 sequences
[M::worker_pipeline::1991.601*19.13] mapped 247525 sequences
[M::worker_pipeline::1995.068*19.13] mapped 247525 sequences
[M::worker_pipeline::1998.582*19.13] mapped 247525 sequences
[M::worker_pipeline::2001.951*19.13] mapped 247525 sequences
[M::worker_pipeline::2005.070*19.13] mapped 247525 sequences
[M::worker_pipeline::2007.724*19.13] mapped 247525 sequences
[M::worker_pipeline::2010.956*19.13] mapped 247525 sequences
[M::worker_pipeline::2014.109*19.13] mapped 247525 sequences
[M::worker_pipeline::2017.630*19.13] mapped 247525 sequences
[M::worker_pipeline::2020.287*19.13] mapped 247525 sequences
[M::worker_pipeline::2023.778*19.13] mapped 247525 sequences
[M::worker_pipeline::2026.787*19.13] mapped 247525 sequences
[M::worker_pipeline::2030.082*19.13] mapped 247525 sequences
[M::worker_pipeline::2032.984*19.13] mapped 247525 sequences
[M::worker_pipeline::2036.152*19.14] mapped 247525 sequences
[M::worker_pipeline::2039.170*19.14] mapped 247525 sequences
[M::worker_pipeline::2042.457*19.14] mapped 247525 sequences
[M::worker_pipeline::2045.777*19.14] mapped 247525 sequences
[M::worker_pipeline::2049.111*19.14] mapped 247525 sequences
[M::worker_pipeline::2052.582*19.14] mapped 247525 sequences
[M::worker_pipeline::2055.644*19.14] mapped 247525 sequences
[M::worker_pipeline::2058.612*19.14] mapped 247525 sequences
[M::worker_pipeline::2062.037*19.14] mapped 247525 sequences
[M::worker_pipeline::2065.312*19.14] mapped 247525 sequences
[M::worker_pipeline::2068.630*19.14] mapped 247525 sequences
[M::worker_pipeline::2071.630*19.14] mapped 247525 sequences
[M::worker_pipeline::2074.896*19.14] mapped 247525 sequences
[M::worker_pipeline::2078.487*19.14] mapped 247525 sequences
[M::worker_pipeline::2081.481*19.14] mapped 247525 sequences
[M::worker_pipeline::2085.162*19.14] mapped 247525 sequences
[M::worker_pipeline::2088.656*19.14] mapped 247525 sequences
[M::worker_pipeline::2091.786*19.14] mapped 247525 sequences
[M::worker_pipeline::2095.130*19.14] mapped 247525 sequences
[M::worker_pipeline::2097.989*19.14] mapped 247525 sequences
[M::worker_pipeline::2101.668*19.14] mapped 247525 sequences
[M::worker_pipeline::2104.701*19.15] mapped 247525 sequences
[M::worker_pipeline::2107.955*19.15] mapped 247525 sequences
[M::worker_pipeline::2111.309*19.15] mapped 247525 sequences
[M::worker_pipeline::2114.609*19.15] mapped 247525 sequences
[M::worker_pipeline::2118.288*19.15] mapped 247525 sequences
[M::worker_pipeline::2121.232*19.15] mapped 247525 sequences
[M::worker_pipeline::2124.722*19.15] mapped 247525 sequences
[M::worker_pipeline::2127.836*19.15] mapped 247525 sequences
[M::worker_pipeline::2131.160*19.15] mapped 247525 sequences
[M::worker_pipeline::2134.472*19.15] mapped 247525 sequences
[M::worker_pipeline::2137.484*19.15] mapped 247525 sequences
[M::worker_pipeline::2140.301*19.15] mapped 247525 sequences
[M::worker_pipeline::2143.623*19.15] mapped 247525 sequences
[M::worker_pipeline::2146.594*19.15] mapped 247525 sequences
[M::worker_pipeline::2150.253*19.15] mapped 247525 sequences
[M::worker_pipeline::2153.002*19.15] mapped 247525 sequences
[M::worker_pipeline::2155.870*19.15] mapped 247525 sequences
[M::worker_pipeline::2159.516*19.15] mapped 247525 sequences
[M::worker_pipeline::2162.354*19.16] mapped 247525 sequences
[M::worker_pipeline::2165.674*19.16] mapped 247525 sequences
[M::worker_pipeline::2168.645*19.16] mapped 247525 sequences
[M::worker_pipeline::2171.767*19.16] mapped 247525 sequences
[M::worker_pipeline::2175.094*19.16] mapped 247525 sequences
[M::worker_pipeline::2178.794*19.16] mapped 247525 sequences
[M::worker_pipeline::2182.006*19.16] mapped 247525 sequences
[M::worker_pipeline::2184.977*19.16] mapped 247525 sequences
[M::worker_pipeline::2188.436*19.16] mapped 247525 sequences
[M::worker_pipeline::2192.353*19.16] mapped 247525 sequences
[M::worker_pipeline::2194.835*19.16] mapped 247525 sequences
[M::worker_pipeline::2198.662*19.16] mapped 247525 sequences
[M::worker_pipeline::2201.297*19.16] mapped 247525 sequences
[M::worker_pipeline::2204.880*19.16] mapped 247525 sequences
[M::worker_pipeline::2207.835*19.16] mapped 247525 sequences
[M::worker_pipeline::2211.514*19.16] mapped 247525 sequences
[M::worker_pipeline::2214.959*19.16] mapped 247525 sequences
[M::worker_pipeline::2218.047*19.16] mapped 247525 sequences
[M::worker_pipeline::2222.048*19.16] mapped 247525 sequences
[M::worker_pipeline::2225.141*19.16] mapped 247525 sequences
[M::worker_pipeline::2227.804*19.16] mapped 247525 sequences
[M::worker_pipeline::2231.914*19.16] mapped 247525 sequences
[M::worker_pipeline::2234.686*19.16] mapped 247525 sequences
[M::worker_pipeline::2238.235*19.16] mapped 247525 sequences
[M::worker_pipeline::2241.434*19.16] mapped 247525 sequences
[M::worker_pipeline::2245.046*19.16] mapped 247525 sequences
[M::worker_pipeline::2248.735*19.16] mapped 247525 sequences
[M::worker_pipeline::2251.577*19.16] mapped 247525 sequences
[M::worker_pipeline::2255.202*19.17] mapped 247525 sequences
[M::worker_pipeline::2258.477*19.17] mapped 115771 sequences
[M::worker_pipeline::2262.212*19.17] mapped 81444 sequences
[M::worker_pipeline::2265.904*19.17] mapped 81460 sequences
[M::worker_pipeline::2269.759*19.17] mapped 81455 sequences
[M::worker_pipeline::2273.494*19.17] mapped 81407 sequences
[M::worker_pipeline::2277.830*19.17] mapped 81463 sequences
[M::worker_pipeline::2282.266*19.16] mapped 81483 sequences
[M::worker_pipeline::2285.897*19.16] mapped 81498 sequences
[M::worker_pipeline::2290.453*19.16] mapped 81469 sequences
[M::worker_pipeline::2294.065*19.16] mapped 81459 sequences
[M::worker_pipeline::2298.353*19.16] mapped 81470 sequences
[M::worker_pipeline::2302.024*19.16] mapped 81486 sequences
[M::worker_pipeline::2305.960*19.16] mapped 81482 sequences
[M::worker_pipeline::2309.493*19.16] mapped 81477 sequences
[M::worker_pipeline::2313.249*19.16] mapped 81456 sequences
[M::worker_pipeline::2317.110*19.16] mapped 81480 sequences
[M::worker_pipeline::2321.050*19.16] mapped 81497 sequences
[M::worker_pipeline::2325.096*19.16] mapped 81498 sequences
[M::worker_pipeline::2328.842*19.16] mapped 81493 sequences
[M::worker_pipeline::2332.540*19.16] mapped 81465 sequences
[M::worker_pipeline::2336.209*19.16] mapped 81474 sequences
[M::worker_pipeline::2340.542*19.16] mapped 81480 sequences
[M::worker_pipeline::2343.945*19.16] mapped 81466 sequences
[M::worker_pipeline::2347.439*19.16] mapped 81473 sequences
[M::worker_pipeline::2351.673*19.16] mapped 81445 sequences
[M::worker_pipeline::2355.447*19.16] mapped 81498 sequences
[M::worker_pipeline::2358.930*19.17] mapped 81484 sequences
[M::worker_pipeline::2362.740*19.17] mapped 81487 sequences
[M::worker_pipeline::2366.308*19.17] mapped 81448 sequences
[M::worker_pipeline::2370.657*19.17] mapped 81479 sequences
[M::worker_pipeline::2373.920*19.17] mapped 81480 sequences
[M::worker_pipeline::2377.597*19.17] mapped 81488 sequences
[M::worker_pipeline::2382.006*19.17] mapped 81492 sequences
[M::worker_pipeline::2385.583*19.17] mapped 81458 sequences
[M::worker_pipeline::2389.871*19.17] mapped 81482 sequences
[M::worker_pipeline::2393.928*19.16] mapped 81510 sequences
[M::worker_pipeline::2397.398*19.17] mapped 81498 sequences
[M::worker_pipeline::2401.232*19.17] mapped 81470 sequences
[M::worker_pipeline::2405.235*19.17] mapped 81461 sequences
[M::worker_pipeline::2409.289*19.16] mapped 81499 sequences
[M::worker_pipeline::2413.639*19.16] mapped 81489 sequences
[M::worker_pipeline::2417.800*19.16] mapped 81475 sequences
[M::worker_pipeline::2421.528*19.16] mapped 81451 sequences
[M::worker_pipeline::2425.391*19.16] mapped 81485 sequences
[M::worker_pipeline::2429.197*19.16] mapped 81486 sequences
[M::worker_pipeline::2433.118*19.16] mapped 81497 sequences
[M::worker_pipeline::2437.597*19.16] mapped 81492 sequences
[M::worker_pipeline::2440.660*19.16] mapped 81458 sequences
[M::worker_pipeline::2444.842*19.16] mapped 81487 sequences
[M::worker_pipeline::2448.390*19.16] mapped 81505 sequences
[M::worker_pipeline::2451.895*19.16] mapped 81504 sequences
[M::worker_pipeline::2455.788*19.16] mapped 81492 sequences
[M::worker_pipeline::2459.541*19.16] mapped 81477 sequences
[M::worker_pipeline::2463.440*19.16] mapped 81499 sequences
[M::worker_pipeline::2467.441*19.16] mapped 81502 sequences
[M::worker_pipeline::2472.495*19.16] mapped 81499 sequences
[M::worker_pipeline::2475.708*19.16] mapped 81479 sequences
[M::worker_pipeline::2479.634*19.16] mapped 81493 sequences
[M::worker_pipeline::2483.516*19.16] mapped 81477 sequences
[M::worker_pipeline::2487.378*19.16] mapped 81512 sequences
[M::worker_pipeline::2491.248*19.16] mapped 81506 sequences
[M::worker_pipeline::2495.206*19.16] mapped 81474 sequences
[M::worker_pipeline::2498.965*19.16] mapped 81498 sequences
[M::worker_pipeline::2502.720*19.16] mapped 81506 sequences
[M::worker_pipeline::2506.394*19.16] mapped 81521 sequences
[M::worker_pipeline::2510.164*19.16] mapped 81484 sequences
[M::worker_pipeline::2514.149*19.16] mapped 81467 sequences
[M::worker_pipeline::2518.230*19.16] mapped 81509 sequences
[M::worker_pipeline::2521.987*19.16] mapped 81519 sequences
[M::worker_pipeline::2526.185*19.16] mapped 81510 sequences
[M::worker_pipeline::2530.070*19.16] mapped 81484 sequences
[M::worker_pipeline::2533.672*19.16] mapped 81468 sequences
[M::worker_pipeline::2537.470*19.16] mapped 81515 sequences
[M::worker_pipeline::2541.286*19.16] mapped 81513 sequences
[M::worker_pipeline::2545.280*19.16] mapped 81523 sequences
[M::worker_pipeline::2549.109*19.16] mapped 81479 sequences
[M::worker_pipeline::2552.509*19.16] mapped 81491 sequences
[M::worker_pipeline::2556.814*19.16] mapped 81518 sequences
[M::worker_pipeline::2560.627*19.16] mapped 81498 sequences
[M::worker_pipeline::2564.451*19.16] mapped 81513 sequences
[M::worker_pipeline::2568.230*19.16] mapped 81478 sequences
[M::worker_pipeline::2572.239*19.16] mapped 81513 sequences
[M::worker_pipeline::2576.273*19.16] mapped 81515 sequences
[M::worker_pipeline::2580.195*19.16] mapped 81537 sequences
[M::worker_pipeline::2583.765*19.16] mapped 81487 sequences
[M::worker_pipeline::2587.343*19.16] mapped 81465 sequences
[M::worker_pipeline::2591.501*19.16] mapped 81533 sequences
[M::worker_pipeline::2595.281*19.16] mapped 81508 sequences
[M::worker_pipeline::2599.172*19.16] mapped 81513 sequences
[M::worker_pipeline::2602.945*19.16] mapped 81496 sequences
[M::worker_pipeline::2606.887*19.16] mapped 81411 sequences
[M::worker_pipeline::2611.045*19.16] mapped 81400 sequences
[M::worker_pipeline::2615.046*19.16] mapped 81405 sequences
[M::worker_pipeline::2619.034*19.16] mapped 81393 sequences
[M::worker_pipeline::2623.088*19.16] mapped 81389 sequences
[M::worker_pipeline::2626.752*19.16] mapped 81406 sequences
[M::worker_pipeline::2630.885*19.16] mapped 81434 sequences
[M::worker_pipeline::2634.317*19.16] mapped 81425 sequences
[M::worker_pipeline::2638.146*19.16] mapped 81410 sequences
[M::worker_pipeline::2642.232*19.16] mapped 81420 sequences
[M::worker_pipeline::2646.292*19.16] mapped 81423 sequences
[M::worker_pipeline::2649.671*19.16] mapped 81416 sequences
[M::worker_pipeline::2653.800*19.16] mapped 81428 sequences
[M::worker_pipeline::2657.352*19.16] mapped 81418 sequences
[M::worker_pipeline::2661.018*19.16] mapped 81413 sequences
[M::worker_pipeline::2665.424*19.16] mapped 81425 sequences
[M::worker_pipeline::2669.113*19.16] mapped 81431 sequences
[M::worker_pipeline::2672.850*19.16] mapped 81434 sequences
[M::worker_pipeline::2676.885*19.16] mapped 81441 sequences
[M::worker_pipeline::2680.496*19.16] mapped 81404 sequences
[M::worker_pipeline::2684.751*19.16] mapped 81417 sequences
[M::worker_pipeline::2689.291*19.16] mapped 81428 sequences
[M::worker_pipeline::2693.239*19.16] mapped 81440 sequences
[M::worker_pipeline::2697.029*19.16] mapped 81430 sequences
[M::worker_pipeline::2701.196*19.16] mapped 81425 sequences
[M::worker_pipeline::2704.494*19.16] mapped 81420 sequences
[M::worker_pipeline::2708.270*19.16] mapped 81426 sequences
[M::worker_pipeline::2712.397*19.16] mapped 81441 sequences
[M::worker_pipeline::2716.475*19.16] mapped 81437 sequences
[M::worker_pipeline::2720.064*19.16] mapped 81416 sequences
[M::worker_pipeline::2724.315*19.16] mapped 81410 sequences
[M::worker_pipeline::2728.470*19.16] mapped 81441 sequences
[M::worker_pipeline::2732.159*19.16] mapped 81446 sequences
[M::worker_pipeline::2736.241*19.16] mapped 81434 sequences
[M::worker_pipeline::2740.079*19.16] mapped 81411 sequences
[M::worker_pipeline::2743.799*19.16] mapped 81429 sequences
[M::worker_pipeline::2747.582*19.16] mapped 81447 sequences
[M::worker_pipeline::2751.315*19.16] mapped 81448 sequences
[M::worker_pipeline::2755.829*19.16] mapped 81430 sequences
[M::worker_pipeline::2759.093*19.16] mapped 81403 sequences
[M::worker_pipeline::2763.083*19.16] mapped 81421 sequences
[M::worker_pipeline::2766.952*19.16] mapped 81432 sequences
[M::worker_pipeline::2771.186*19.16] mapped 81446 sequences
[M::worker_pipeline::2774.881*19.16] mapped 81418 sequences
[M::worker_pipeline::2778.480*19.16] mapped 81415 sequences
[M::worker_pipeline::2782.492*19.16] mapped 81425 sequences
[M::worker_pipeline::2786.415*19.16] mapped 81431 sequences
[M::worker_pipeline::2790.568*19.16] mapped 81443 sequences
[M::worker_pipeline::2794.322*19.16] mapped 81437 sequences
[M::worker_pipeline::2798.201*19.16] mapped 81399 sequences
[M::worker_pipeline::2802.318*19.16] mapped 81430 sequences
[M::worker_pipeline::2806.157*19.17] mapped 81424 sequences
[M::worker_pipeline::2809.785*19.17] mapped 81439 sequences
[M::worker_pipeline::2813.798*19.16] mapped 81440 sequences
[M::worker_pipeline::2817.801*19.17] mapped 81425 sequences
[M::worker_pipeline::2821.714*19.17] mapped 81423 sequences
[M::worker_pipeline::2825.425*19.16] mapped 81452 sequences
[M::worker_pipeline::2829.179*19.17] mapped 81439 sequences
[M::worker_pipeline::2833.157*19.17] mapped 81444 sequences
[M::worker_pipeline::2837.271*19.16] mapped 81454 sequences
[M::worker_pipeline::2841.329*19.17] mapped 81443 sequences
[M::worker_pipeline::2845.189*19.17] mapped 81435 sequences
[M::worker_pipeline::2849.072*19.17] mapped 81437 sequences
[M::worker_pipeline::2853.014*19.17] mapped 81452 sequences
[M::worker_pipeline::2857.056*19.17] mapped 81440 sequences
[M::worker_pipeline::2861.110*19.17] mapped 81414 sequences
[M::worker_pipeline::2864.897*19.17] mapped 81445 sequences
[M::worker_pipeline::2868.919*19.17] mapped 81434 sequences
[M::worker_pipeline::2873.351*19.17] mapped 81446 sequences
[M::worker_pipeline::2876.744*19.17] mapped 81452 sequences
[M::worker_pipeline::2880.984*19.17] mapped 81410 sequences
[M::worker_pipeline::2884.605*19.17] mapped 81447 sequences
[M::worker_pipeline::2888.600*19.17] mapped 81430 sequences
[M::worker_pipeline::2892.745*19.17] mapped 81448 sequences
[M::worker_pipeline::2897.187*19.17] mapped 81430 sequences
[M::worker_pipeline::2900.747*19.17] mapped 81419 sequences
[M::worker_pipeline::2904.812*19.17] mapped 81435 sequences
[M::worker_pipeline::2908.746*19.17] mapped 81445 sequences
[M::worker_pipeline::2912.836*19.17] mapped 81452 sequences
[M::worker_pipeline::2916.737*19.17] mapped 81457 sequences
[M::worker_pipeline::2919.991*19.17] mapped 81422 sequences
[M::worker_pipeline::2923.725*19.17] mapped 81429 sequences
[M::worker_pipeline::2927.965*19.17] mapped 81447 sequences
[M::worker_pipeline::2932.120*19.17] mapped 81449 sequences
[M::worker_pipeline::2936.698*19.17] mapped 81450 sequences
[M::worker_pipeline::2940.395*19.17] mapped 81449 sequences
[M::worker_pipeline::2943.836*19.17] mapped 81419 sequences
[M::worker_pipeline::2947.605*19.17] mapped 81432 sequences
[M::worker_pipeline::2951.886*19.17] mapped 81451 sequences
[M::worker_pipeline::2955.773*19.17] mapped 81452 sequences
[M::worker_pipeline::2960.217*19.17] mapped 81444 sequences
[M::worker_pipeline::2963.913*19.17] mapped 81401 sequences
[M::worker_pipeline::2967.870*19.17] mapped 81426 sequences
[M::worker_pipeline::2971.869*19.17] mapped 81459 sequences
[M::worker_pipeline::2975.660*19.17] mapped 81437 sequences
[M::worker_pipeline::2979.551*19.17] mapped 81451 sequences
[M::worker_pipeline::2983.693*19.17] mapped 81432 sequences
[M::worker_pipeline::2987.947*19.17] mapped 99775 sequences
[M::worker_pipeline::2991.786*19.17] mapped 99984 sequences
[M::worker_pipeline::2996.004*19.17] mapped 99984 sequences
[M::worker_pipeline::2999.902*19.17] mapped 99968 sequences
[M::worker_pipeline::3004.555*19.17] mapped 99919 sequences
[M::worker_pipeline::3008.409*19.17] mapped 99907 sequences
[M::worker_pipeline::3012.216*19.17] mapped 99925 sequences
[M::worker_pipeline::3016.400*19.17] mapped 101429 sequences
[M::worker_pipeline::3017.782*19.17] mapped 346432 sequences
[M::worker_pipeline::3019.133*19.18] mapped 346409 sequences
[M::worker_pipeline::3020.536*19.17] mapped 346434 sequences
[M::worker_pipeline::3021.923*19.17] mapped 346381 sequences
[M::worker_pipeline::3023.192*19.17] mapped 346359 sequences
[M::worker_pipeline::3024.265*19.16] mapped 346364 sequences
[M::worker_pipeline::3025.317*19.16] mapped 346293 sequences
[M::worker_pipeline::3026.565*19.16] mapped 346073 sequences
[M::worker_pipeline::3027.736*19.16] mapped 345858 sequences
[M::worker_pipeline::3029.190*19.16] mapped 345866 sequences
[M::worker_pipeline::3030.649*19.16] mapped 345885 sequences
[M::worker_pipeline::3031.974*19.15] mapped 345784 sequences
[M::worker_pipeline::3033.440*19.15] mapped 345768 sequences
[M::worker_pipeline::3034.953*19.15] mapped 345548 sequences
[M::worker_pipeline::3036.482*19.15] mapped 345337 sequences
[M::worker_pipeline::3037.870*19.15] mapped 335773 sequences
[M::worker_pipeline::3040.757*19.15] mapped 332940 sequences
[M::worker_pipeline::3043.453*19.15] mapped 332958 sequences
[M::worker_pipeline::3046.852*19.15] mapped 332969 sequences
[M::worker_pipeline::3049.732*19.15] mapped 333006 sequences
[M::worker_pipeline::3052.630*19.15] mapped 332978 sequences
[M::worker_pipeline::3056.113*19.15] mapped 332969 sequences
[M::worker_pipeline::3059.075*19.15] mapped 332964 sequences
[M::worker_pipeline::3061.939*19.15] mapped 332920 sequences
[M::worker_pipeline::3065.056*19.15] mapped 332932 sequences
[M::worker_pipeline::3068.031*19.15] mapped 332927 sequences
[M::worker_pipeline::3070.510*19.15] mapped 332938 sequences
[M::worker_pipeline::3073.637*19.15] mapped 332934 sequences
[M::worker_pipeline::3076.655*19.15] mapped 332936 sequences
[M::worker_pipeline::3079.689*19.15] mapped 332933 sequences
[M::worker_pipeline::3082.295*19.15] mapped 332982 sequences
[M::worker_pipeline::3086.315*19.15] mapped 197427 sequences
[M::worker_pipeline::3089.372*19.15] mapped 166131 sequences
[M::worker_pipeline::3093.585*19.15] mapped 166135 sequences
[M::worker_pipeline::3096.720*19.15] mapped 166124 sequences
[M::worker_pipeline::3100.474*19.15] mapped 166126 sequences
[M::worker_pipeline::3104.914*19.15] mapped 166146 sequences
[M::worker_pipeline::3108.099*19.15] mapped 166154 sequences
[M::worker_pipeline::3112.487*19.15] mapped 166164 sequences
[M::worker_pipeline::3116.279*19.15] mapped 166167 sequences
[M::worker_pipeline::3119.930*19.15] mapped 166158 sequences
[M::worker_pipeline::3124.343*19.16] mapped 166150 sequences
[M::worker_pipeline::3128.027*19.16] mapped 166155 sequences
[M::worker_pipeline::3131.565*19.16] mapped 166159 sequences
[M::worker_pipeline::3135.321*19.15] mapped 166157 sequences
[M::worker_pipeline::3135.505*19.15] mapped 18288 sequences
[M::main] Version: 2.10-r761
[M::main] CMD: /work/zach/minimap2-2.10_x64-linux/minimap2 -ax sr -t 20 Hybrid_assembly.fasta /work/zach/clownfish_genome/data/raw_data_illumina/mega.fq
[M::main] Real time: 3135.598 sec; CPU: 60055.538 sec
------------------------------------------------------
Running PBS epilogue script    - 08-May-2018 14:25:46
------------------------------------------------------
Checking node qb074 (MS)
Checking node qb074 ok
------------------------------------------------------
Concluding PBS epilogue script - 08-May-2018 14:25:48
------------------------------------------------------
Exit Status:     0
Job ID:          489726.qb3
Username:        zach
Group:           loniusers
Job Name:        minimap
Session Id:      47887
Resource Limits: ncpus=1,neednodes=1:ppn=20,nodes=1:ppn=20,walltime=06:00:00
Resources Used:  cput=16:40:55,mem=11574872kb,vmem=13199760kb,walltime=00:52:18
Queue Used:      workq
Account String:  loni_selu_gt
Node:            qb074
Process id:      67311
------------------------------------------------------
